<?xml version="1.0" encoding="UTF-8"?>
<!-- Generated by org.testng.reporters.JUnitReportReporter -->
<testsuite skipped="1" hostname="DESKTOP-NVPHNI7" name="com.mercury.qa.testclass.Sighintestcase" tests="1" failures="0" timestamp="28 Mar 2020 05:09:25 GMT" time="0.000" errors="0">
  <testcase name="verfysighin" time="0.000" classname="com.mercury.qa.testclass.Sighintestcase">
    <skipped/>
  </testcase> <!-- verfysighin -->
</testsuite> <!-- com.mercury.qa.testclass.Sighintestcase -->
