<?xml version="1.0" encoding="UTF-8"?>
<!-- Generated by org.testng.reporters.JUnitReportReporter -->
<testsuite skipped="0" hostname="DESKTOP-NVPHNI7" name="com.mercury.qa.testclass.HomePageTestcase" tests="1" failures="0" timestamp="28 Mar 2020 03:36:08 GMT" time="18.390" errors="0">
  <testcase name="clickonhome" time="18.390" classname="com.mercury.qa.testclass.HomePageTestcase"/>
</testsuite> <!-- com.mercury.qa.testclass.HomePageTestcase -->
