<?xml version="1.0" encoding="UTF-8"?>
<!-- Generated by org.testng.reporters.JUnitReportReporter -->
<testsuite skipped="0" hostname="DESKTOP-NVPHNI7" name="com.mercury.qa.testclass.registernewcontactTest" tests="5" failures="0" timestamp="28 Mar 2020 03:36:08 GMT" time="19.001" errors="0">
  <testcase name="login" time="9.990" classname="com.mercury.qa.testclass.registernewcontactTest"/>
  <testcase name="forms" time="2.212" classname="com.mercury.qa.testclass.registernewcontactTest"/>
  <testcase name="forms" time="2.264" classname="com.mercury.qa.testclass.registernewcontactTest"/>
  <testcase name="forms" time="2.226" classname="com.mercury.qa.testclass.registernewcontactTest"/>
  <testcase name="forms" time="2.309" classname="com.mercury.qa.testclass.registernewcontactTest"/>
</testsuite> <!-- com.mercury.qa.testclass.registernewcontactTest -->
