<?xml version="1.0" encoding="UTF-8"?>
<!-- Generated by org.testng.reporters.JUnitReportReporter -->
<testsuite skipped="0" hostname="DESKTOP-NVPHNI7" name="com.mercury.qa.testclass.Sighintestcase" tests="1" failures="0" timestamp="28 Mar 2020 03:36:08 GMT" time="11.670" errors="0">
  <testcase name="verfysighin" time="11.670" classname="com.mercury.qa.testclass.Sighintestcase"/>
</testsuite> <!-- com.mercury.qa.testclass.Sighintestcase -->
