<?xml version="1.0" encoding="UTF-8"?>
<!-- Generated by org.testng.reporters.JUnitReportReporter -->
<testsuite skipped="0" hostname="DESKTOP-NVPHNI7" name="com.mercury.qa.testclass.registernewcontactTest" tests="5" failures="0" timestamp="28 Mar 2020 04:39:33 GMT" time="21.623" errors="0">
  <testcase name="login" time="12.650" classname="com.mercury.qa.testclass.registernewcontactTest"/>
  <testcase name="forms" time="2.366" classname="com.mercury.qa.testclass.registernewcontactTest"/>
  <testcase name="forms" time="2.221" classname="com.mercury.qa.testclass.registernewcontactTest"/>
  <testcase name="forms" time="2.191" classname="com.mercury.qa.testclass.registernewcontactTest"/>
  <testcase name="forms" time="2.195" classname="com.mercury.qa.testclass.registernewcontactTest"/>
</testsuite> <!-- com.mercury.qa.testclass.registernewcontactTest -->
